..\..\Bin\OceanCS.pdb
C:\TDDOWNLOAD\OCEANCS\DIRECT3D\BIN\OCEANCS.EXE
C:\TDDOWNLOAD\OCEANCS\DIRECT3D\BIN\OCEANCS.ILK
C:\TDDOWNLOAD\OCEANCS\DIRECT3D\BIN\OCEANCS.PDB
C:\TDDOWNLOAD\OCEANCS\DIRECT3D\TEMP\DEBUG\OCEANCS\DXUT.OBJ
C:\TDDOWNLOAD\OCEANCS\DIRECT3D\TEMP\DEBUG\OCEANCS\DXUTCAMERA.OBJ
C:\TDDOWNLOAD\OCEANCS\DIRECT3D\TEMP\DEBUG\OCEANCS\DXUTDEVICE11.OBJ
C:\TDDOWNLOAD\OCEANCS\DIRECT3D\TEMP\DEBUG\OCEANCS\DXUTDEVICE9.OBJ
C:\TDDOWNLOAD\OCEANCS\DIRECT3D\TEMP\DEBUG\OCEANCS\DXUTGUI.OBJ
C:\TDDOWNLOAD\OCEANCS\DIRECT3D\TEMP\DEBUG\OCEANCS\DXUTMISC.OBJ
C:\TDDOWNLOAD\OCEANCS\DIRECT3D\TEMP\DEBUG\OCEANCS\DXUTRES.OBJ
C:\TDDOWNLOAD\OCEANCS\DIRECT3D\TEMP\DEBUG\OCEANCS\DXUTSETTINGSDLG.OBJ
C:\TDDOWNLOAD\OCEANCS\DIRECT3D\TEMP\DEBUG\OCEANCS\FFT_512X512_C2C.OBJ
C:\TDDOWNLOAD\OCEANCS\DIRECT3D\TEMP\DEBUG\OCEANCS\MAIN.OBJ
C:\TDDOWNLOAD\OCEANCS\DIRECT3D\TEMP\DEBUG\OCEANCS\OCEAN_SIMULATOR.OBJ
C:\TDDOWNLOAD\OCEANCS\DIRECT3D\TEMP\DEBUG\OCEANCS\OCEANCS.EXE.EMBED.MANIFEST
C:\TDDOWNLOAD\OCEANCS\DIRECT3D\TEMP\DEBUG\OCEANCS\OCEANCS.EXE.EMBED.MANIFEST.RES
C:\TDDOWNLOAD\OCEANCS\DIRECT3D\TEMP\DEBUG\OCEANCS\OCEANCS.EXE.INTERMEDIATE.MANIFEST
C:\TDDOWNLOAD\OCEANCS\DIRECT3D\TEMP\DEBUG\OCEANCS\OCEANCS.PCH
C:\TDDOWNLOAD\OCEANCS\DIRECT3D\TEMP\DEBUG\OCEANCS\OCEANCS.RES
C:\TDDOWNLOAD\OCEANCS\DIRECT3D\TEMP\DEBUG\OCEANCS\RENDER.OBJ
C:\TDDOWNLOAD\OCEANCS\DIRECT3D\TEMP\DEBUG\OCEANCS\SDKMISC.OBJ
C:\TDDOWNLOAD\OCEANCS\DIRECT3D\TEMP\DEBUG\OCEANCS\SKYBOX11.OBJ
C:\TDDOWNLOAD\OCEANCS\DIRECT3D\TEMP\DEBUG\OCEANCS\VC100.PDB
C:\USERS\YTT\DESKTOP\WORK\OCEANCS\DIRECT3D\BIN\OCEANCS.EXE
C:\USERS\YTT\DESKTOP\WORK\OCEANCS\DIRECT3D\BIN\OCEANCS.ILK
C:\USERS\YTT\DESKTOP\WORK\OCEANCS\DIRECT3D\BIN\OCEANCS.PDB
C:\USERS\YTT\DESKTOP\WORK\OCEANCS\DIRECT3D\TEMP\DEBUG\OCEANCS\DXUT.OBJ
C:\USERS\YTT\DESKTOP\WORK\OCEANCS\DIRECT3D\TEMP\DEBUG\OCEANCS\DXUTCAMERA.OBJ
C:\USERS\YTT\DESKTOP\WORK\OCEANCS\DIRECT3D\TEMP\DEBUG\OCEANCS\DXUTDEVICE11.OBJ
C:\USERS\YTT\DESKTOP\WORK\OCEANCS\DIRECT3D\TEMP\DEBUG\OCEANCS\DXUTDEVICE9.OBJ
C:\USERS\YTT\DESKTOP\WORK\OCEANCS\DIRECT3D\TEMP\DEBUG\OCEANCS\DXUTGUI.OBJ
C:\USERS\YTT\DESKTOP\WORK\OCEANCS\DIRECT3D\TEMP\DEBUG\OCEANCS\DXUTMISC.OBJ
C:\USERS\YTT\DESKTOP\WORK\OCEANCS\DIRECT3D\TEMP\DEBUG\OCEANCS\DXUTRES.OBJ
C:\USERS\YTT\DESKTOP\WORK\OCEANCS\DIRECT3D\TEMP\DEBUG\OCEANCS\DXUTSETTINGSDLG.OBJ
C:\USERS\YTT\DESKTOP\WORK\OCEANCS\DIRECT3D\TEMP\DEBUG\OCEANCS\FFT_512X512_C2C.OBJ
C:\USERS\YTT\DESKTOP\WORK\OCEANCS\DIRECT3D\TEMP\DEBUG\OCEANCS\MAIN.OBJ
C:\USERS\YTT\DESKTOP\WORK\OCEANCS\DIRECT3D\TEMP\DEBUG\OCEANCS\OCEAN_SIMULATOR.OBJ
C:\USERS\YTT\DESKTOP\WORK\OCEANCS\DIRECT3D\TEMP\DEBUG\OCEANCS\OCEANCS.EXE.EMBED.MANIFEST.RES
C:\USERS\YTT\DESKTOP\WORK\OCEANCS\DIRECT3D\TEMP\DEBUG\OCEANCS\OCEANCS.EXE.INTERMEDIATE.MANIFEST
C:\USERS\YTT\DESKTOP\WORK\OCEANCS\DIRECT3D\TEMP\DEBUG\OCEANCS\OCEANCS.PCH
C:\USERS\YTT\DESKTOP\WORK\OCEANCS\DIRECT3D\TEMP\DEBUG\OCEANCS\OCEANCS.RES
C:\USERS\YTT\DESKTOP\WORK\OCEANCS\DIRECT3D\TEMP\DEBUG\OCEANCS\RENDER.OBJ
C:\USERS\YTT\DESKTOP\WORK\OCEANCS\DIRECT3D\TEMP\DEBUG\OCEANCS\SDKMISC.OBJ
C:\USERS\YTT\DESKTOP\WORK\OCEANCS\DIRECT3D\TEMP\DEBUG\OCEANCS\SKYBOX11.OBJ
C:\USERS\YTT\DESKTOP\WORK\OCEANCS\DIRECT3D\TEMP\DEBUG\OCEANCS\VC100.PDB
C:\USERS\YTT\DESKTOP\WORK\OCEANCS-S\DIRECT3D\BIN\OCEANCS.EXE
C:\USERS\YTT\DESKTOP\WORK\OCEANCS-S\DIRECT3D\BIN\OCEANCS.ILK
C:\USERS\YTT\DESKTOP\WORK\OCEANCS-S\DIRECT3D\BIN\OCEANCS.PDB
C:\USERS\YTT\DESKTOP\WORK\OCEANCS-S\DIRECT3D\TEMP\DEBUG\OCEANCS\ATMOSPHERE.OBJ
C:\USERS\YTT\DESKTOP\WORK\OCEANCS-S\DIRECT3D\TEMP\DEBUG\OCEANCS\D3DUTIL.OBJ
C:\USERS\YTT\DESKTOP\WORK\OCEANCS-S\DIRECT3D\TEMP\DEBUG\OCEANCS\DXUT.OBJ
C:\USERS\YTT\DESKTOP\WORK\OCEANCS-S\DIRECT3D\TEMP\DEBUG\OCEANCS\DXUTCAMERA.OBJ
C:\USERS\YTT\DESKTOP\WORK\OCEANCS-S\DIRECT3D\TEMP\DEBUG\OCEANCS\DXUTDEVICE11.OBJ
C:\USERS\YTT\DESKTOP\WORK\OCEANCS-S\DIRECT3D\TEMP\DEBUG\OCEANCS\DXUTDEVICE9.OBJ
C:\USERS\YTT\DESKTOP\WORK\OCEANCS-S\DIRECT3D\TEMP\DEBUG\OCEANCS\DXUTGUI.OBJ
C:\USERS\YTT\DESKTOP\WORK\OCEANCS-S\DIRECT3D\TEMP\DEBUG\OCEANCS\DXUTMISC.OBJ
C:\USERS\YTT\DESKTOP\WORK\OCEANCS-S\DIRECT3D\TEMP\DEBUG\OCEANCS\DXUTRES.OBJ
C:\USERS\YTT\DESKTOP\WORK\OCEANCS-S\DIRECT3D\TEMP\DEBUG\OCEANCS\DXUTSETTINGSDLG.OBJ
C:\USERS\YTT\DESKTOP\WORK\OCEANCS-S\DIRECT3D\TEMP\DEBUG\OCEANCS\FFT_512X512_C2C.OBJ
C:\USERS\YTT\DESKTOP\WORK\OCEANCS-S\DIRECT3D\TEMP\DEBUG\OCEANCS\MAIN.OBJ
C:\USERS\YTT\DESKTOP\WORK\OCEANCS-S\DIRECT3D\TEMP\DEBUG\OCEANCS\OCEAN_SIMULATOR.OBJ
C:\USERS\YTT\DESKTOP\WORK\OCEANCS-S\DIRECT3D\TEMP\DEBUG\OCEANCS\OCEANCS.EXE.EMBED.MANIFEST.RES
C:\USERS\YTT\DESKTOP\WORK\OCEANCS-S\DIRECT3D\TEMP\DEBUG\OCEANCS\OCEANCS.EXE.INTERMEDIATE.MANIFEST
C:\USERS\YTT\DESKTOP\WORK\OCEANCS-S\DIRECT3D\TEMP\DEBUG\OCEANCS\OCEANCS.PCH
C:\USERS\YTT\DESKTOP\WORK\OCEANCS-S\DIRECT3D\TEMP\DEBUG\OCEANCS\OCEANCS.RES
C:\USERS\YTT\DESKTOP\WORK\OCEANCS-S\DIRECT3D\TEMP\DEBUG\OCEANCS\PARTICLESYSTEM.OBJ
C:\USERS\YTT\DESKTOP\WORK\OCEANCS-S\DIRECT3D\TEMP\DEBUG\OCEANCS\PHYSICS.OBJ
C:\USERS\YTT\DESKTOP\WORK\OCEANCS-S\DIRECT3D\TEMP\DEBUG\OCEANCS\RAIN.OBJ
C:\USERS\YTT\DESKTOP\WORK\OCEANCS-S\DIRECT3D\TEMP\DEBUG\OCEANCS\RENDER.OBJ
C:\USERS\YTT\DESKTOP\WORK\OCEANCS-S\DIRECT3D\TEMP\DEBUG\OCEANCS\SDKMISC.OBJ
C:\USERS\YTT\DESKTOP\WORK\OCEANCS-S\DIRECT3D\TEMP\DEBUG\OCEANCS\SKY.OBJ
C:\USERS\YTT\DESKTOP\WORK\OCEANCS-S\DIRECT3D\TEMP\DEBUG\OCEANCS\SKYBOX11.OBJ
C:\USERS\YTT\DESKTOP\WORK\OCEANCS-S\DIRECT3D\TEMP\DEBUG\OCEANCS\SUN.OBJ
C:\USERS\YTT\DESKTOP\WORK\OCEANCS-S\DIRECT3D\TEMP\DEBUG\OCEANCS\VC100.PDB
E:\WORK2\OCEANCS\DIRECT3D\BIN\OCEANCS.EXE
E:\WORK2\OCEANCS\DIRECT3D\BIN\OCEANCS.ILK
E:\WORK2\OCEANCS\DIRECT3D\BIN\OCEANCS.PDB
E:\WORK2\OCEANCS\DIRECT3D\TEMP\DEBUG\OCEANCS\DXUT.OBJ
E:\WORK2\OCEANCS\DIRECT3D\TEMP\DEBUG\OCEANCS\DXUTCAMERA.OBJ
E:\WORK2\OCEANCS\DIRECT3D\TEMP\DEBUG\OCEANCS\DXUTDEVICE11.OBJ
E:\WORK2\OCEANCS\DIRECT3D\TEMP\DEBUG\OCEANCS\DXUTDEVICE9.OBJ
E:\WORK2\OCEANCS\DIRECT3D\TEMP\DEBUG\OCEANCS\DXUTGUI.OBJ
E:\WORK2\OCEANCS\DIRECT3D\TEMP\DEBUG\OCEANCS\DXUTMISC.OBJ
E:\WORK2\OCEANCS\DIRECT3D\TEMP\DEBUG\OCEANCS\DXUTRES.OBJ
E:\WORK2\OCEANCS\DIRECT3D\TEMP\DEBUG\OCEANCS\DXUTSETTINGSDLG.OBJ
E:\WORK2\OCEANCS\DIRECT3D\TEMP\DEBUG\OCEANCS\FFT_512X512_C2C.OBJ
E:\WORK2\OCEANCS\DIRECT3D\TEMP\DEBUG\OCEANCS\MAIN.OBJ
E:\WORK2\OCEANCS\DIRECT3D\TEMP\DEBUG\OCEANCS\OCEAN_SIMULATOR.OBJ
E:\WORK2\OCEANCS\DIRECT3D\TEMP\DEBUG\OCEANCS\OCEANCS.EXE.EMBED.MANIFEST.RES
E:\WORK2\OCEANCS\DIRECT3D\TEMP\DEBUG\OCEANCS\OCEANCS.EXE.INTERMEDIATE.MANIFEST
E:\WORK2\OCEANCS\DIRECT3D\TEMP\DEBUG\OCEANCS\OCEANCS.PCH
E:\WORK2\OCEANCS\DIRECT3D\TEMP\DEBUG\OCEANCS\OCEANCS.RES
E:\WORK2\OCEANCS\DIRECT3D\TEMP\DEBUG\OCEANCS\RENDER.OBJ
E:\WORK2\OCEANCS\DIRECT3D\TEMP\DEBUG\OCEANCS\SDKMISC.OBJ
E:\WORK2\OCEANCS\DIRECT3D\TEMP\DEBUG\OCEANCS\SKYBOX11.OBJ
E:\WORK2\OCEANCS\DIRECT3D\TEMP\DEBUG\OCEANCS\VC100.PDB
F:\WORK\OCEANCS-S - 界面版\DIRECT3D\TEMP\DEBUG\OCEANCS\ATMOSPHERE.OBJ
F:\work\OceanCS-s - 界面版\Direct3D\Temp\Debug\OceanCS\cl.command.1.tlog
F:\work\OceanCS-s - 界面版\Direct3D\Temp\Debug\OceanCS\CL.read.1.tlog
F:\work\OceanCS-s - 界面版\Direct3D\Temp\Debug\OceanCS\CL.write.1.tlog
F:\WORK\OCEANCS-S - 界面版\DIRECT3D\TEMP\DEBUG\OCEANCS\D3DUTIL.OBJ
F:\WORK\OCEANCS-S - 界面版\DIRECT3D\TEMP\DEBUG\OCEANCS\DXUT.OBJ
F:\WORK\OCEANCS-S - 界面版\DIRECT3D\TEMP\DEBUG\OCEANCS\DXUTCAMERA.OBJ
F:\WORK\OCEANCS-S - 界面版\DIRECT3D\TEMP\DEBUG\OCEANCS\DXUTDEVICE11.OBJ
F:\WORK\OCEANCS-S - 界面版\DIRECT3D\TEMP\DEBUG\OCEANCS\DXUTDEVICE9.OBJ
F:\WORK\OCEANCS-S - 界面版\DIRECT3D\TEMP\DEBUG\OCEANCS\DXUTGUI.OBJ
F:\WORK\OCEANCS-S - 界面版\DIRECT3D\TEMP\DEBUG\OCEANCS\DXUTMISC.OBJ
F:\WORK\OCEANCS-S - 界面版\DIRECT3D\TEMP\DEBUG\OCEANCS\DXUTRES.OBJ
F:\WORK\OCEANCS-S - 界面版\DIRECT3D\TEMP\DEBUG\OCEANCS\DXUTSETTINGSDLG.OBJ
F:\WORK\OCEANCS-S - 界面版\DIRECT3D\TEMP\DEBUG\OCEANCS\FFT_512X512_C2C.OBJ
F:\work\OceanCS-s - 界面版\Direct3D\Temp\Debug\OceanCS\link.15560.read.1.tlog
F:\work\OceanCS-s - 界面版\Direct3D\Temp\Debug\OceanCS\link.15560.read.2.tlog
F:\work\OceanCS-s - 界面版\Direct3D\Temp\Debug\OceanCS\link.15560.write.1.tlog
F:\work\OceanCS-s - 界面版\Direct3D\Temp\Debug\OceanCS\link.15560-cvtres.read.1.tlog
F:\work\OceanCS-s - 界面版\Direct3D\Temp\Debug\OceanCS\link.15560-cvtres.write.1.tlog
F:\work\OceanCS-s - 界面版\Direct3D\Temp\Debug\OceanCS\link.33804.read.1.tlog
F:\work\OceanCS-s - 界面版\Direct3D\Temp\Debug\OceanCS\link.33804.read.2.tlog
F:\work\OceanCS-s - 界面版\Direct3D\Temp\Debug\OceanCS\link.33804.write.1.tlog
F:\work\OceanCS-s - 界面版\Direct3D\Temp\Debug\OceanCS\link.33804-cvtres.read.1.tlog
F:\work\OceanCS-s - 界面版\Direct3D\Temp\Debug\OceanCS\link.33804-cvtres.write.1.tlog
F:\work\OceanCS-s - 界面版\Direct3D\Temp\Debug\OceanCS\link.4164.read.1.tlog
F:\work\OceanCS-s - 界面版\Direct3D\Temp\Debug\OceanCS\link.4164.read.2.tlog
F:\work\OceanCS-s - 界面版\Direct3D\Temp\Debug\OceanCS\link.4164.write.1.tlog
F:\work\OceanCS-s - 界面版\Direct3D\Temp\Debug\OceanCS\link.4164-cvtres.read.1.tlog
F:\work\OceanCS-s - 界面版\Direct3D\Temp\Debug\OceanCS\link.4164-cvtres.write.1.tlog
F:\work\OceanCS-s - 界面版\Direct3D\Temp\Debug\OceanCS\link.4392.read.1.tlog
F:\work\OceanCS-s - 界面版\Direct3D\Temp\Debug\OceanCS\link.4392.read.2.tlog
F:\work\OceanCS-s - 界面版\Direct3D\Temp\Debug\OceanCS\link.4392.write.1.tlog
F:\work\OceanCS-s - 界面版\Direct3D\Temp\Debug\OceanCS\link.4392-cvtres.read.1.tlog
F:\work\OceanCS-s - 界面版\Direct3D\Temp\Debug\OceanCS\link.4392-cvtres.write.1.tlog
F:\work\OceanCS-s - 界面版\Direct3D\Temp\Debug\OceanCS\link.4884.read.1.tlog
F:\work\OceanCS-s - 界面版\Direct3D\Temp\Debug\OceanCS\link.4884.write.1.tlog
F:\work\OceanCS-s - 界面版\Direct3D\Temp\Debug\OceanCS\link.4884-cvtres.read.1.tlog
F:\work\OceanCS-s - 界面版\Direct3D\Temp\Debug\OceanCS\link.4884-cvtres.write.1.tlog
F:\work\OceanCS-s - 界面版\Direct3D\Temp\Debug\OceanCS\link.5036.read.1.tlog
F:\work\OceanCS-s - 界面版\Direct3D\Temp\Debug\OceanCS\link.5036.write.1.tlog
F:\work\OceanCS-s - 界面版\Direct3D\Temp\Debug\OceanCS\link.5036-cvtres.read.1.tlog
F:\work\OceanCS-s - 界面版\Direct3D\Temp\Debug\OceanCS\link.5036-cvtres.write.1.tlog
F:\work\OceanCS-s - 界面版\Direct3D\Temp\Debug\OceanCS\link.5524.read.1.tlog
F:\work\OceanCS-s - 界面版\Direct3D\Temp\Debug\OceanCS\link.5524.read.2.tlog
F:\work\OceanCS-s - 界面版\Direct3D\Temp\Debug\OceanCS\link.5524.write.1.tlog
F:\work\OceanCS-s - 界面版\Direct3D\Temp\Debug\OceanCS\link.5524-cvtres.read.1.tlog
F:\work\OceanCS-s - 界面版\Direct3D\Temp\Debug\OceanCS\link.5524-cvtres.write.1.tlog
F:\work\OceanCS-s - 界面版\Direct3D\Temp\Debug\OceanCS\link.5784.read.1.tlog
F:\work\OceanCS-s - 界面版\Direct3D\Temp\Debug\OceanCS\link.5784.read.2.tlog
F:\work\OceanCS-s - 界面版\Direct3D\Temp\Debug\OceanCS\link.5784.write.1.tlog
F:\work\OceanCS-s - 界面版\Direct3D\Temp\Debug\OceanCS\link.5784-cvtres.read.1.tlog
F:\work\OceanCS-s - 界面版\Direct3D\Temp\Debug\OceanCS\link.5784-cvtres.write.1.tlog
F:\work\OceanCS-s - 界面版\Direct3D\Temp\Debug\OceanCS\link.6524.read.1.tlog
F:\work\OceanCS-s - 界面版\Direct3D\Temp\Debug\OceanCS\link.6524.write.1.tlog
F:\work\OceanCS-s - 界面版\Direct3D\Temp\Debug\OceanCS\link.6524-cvtres.read.1.tlog
F:\work\OceanCS-s - 界面版\Direct3D\Temp\Debug\OceanCS\link.6524-cvtres.write.1.tlog
F:\work\OceanCS-s - 界面版\Direct3D\Temp\Debug\OceanCS\link.7700.read.1.tlog
F:\work\OceanCS-s - 界面版\Direct3D\Temp\Debug\OceanCS\link.7700.write.1.tlog
F:\work\OceanCS-s - 界面版\Direct3D\Temp\Debug\OceanCS\link.7700-cvtres.read.1.tlog
F:\work\OceanCS-s - 界面版\Direct3D\Temp\Debug\OceanCS\link.7700-cvtres.write.1.tlog
F:\work\OceanCS-s - 界面版\Direct3D\Temp\Debug\OceanCS\link.8756.read.1.tlog
F:\work\OceanCS-s - 界面版\Direct3D\Temp\Debug\OceanCS\link.8756.write.1.tlog
F:\work\OceanCS-s - 界面版\Direct3D\Temp\Debug\OceanCS\link.8756-cvtres.read.1.tlog
F:\work\OceanCS-s - 界面版\Direct3D\Temp\Debug\OceanCS\link.8756-cvtres.write.1.tlog
F:\work\OceanCS-s - 界面版\Direct3D\Temp\Debug\OceanCS\link.8880.read.1.tlog
F:\work\OceanCS-s - 界面版\Direct3D\Temp\Debug\OceanCS\link.8880.write.1.tlog
F:\work\OceanCS-s - 界面版\Direct3D\Temp\Debug\OceanCS\link.8880-cvtres.read.1.tlog
F:\work\OceanCS-s - 界面版\Direct3D\Temp\Debug\OceanCS\link.8880-cvtres.write.1.tlog
F:\work\OceanCS-s - 界面版\Direct3D\Temp\Debug\OceanCS\link.9792.read.1.tlog
F:\work\OceanCS-s - 界面版\Direct3D\Temp\Debug\OceanCS\link.9792.write.1.tlog
F:\work\OceanCS-s - 界面版\Direct3D\Temp\Debug\OceanCS\link.9792-cvtres.read.1.tlog
F:\work\OceanCS-s - 界面版\Direct3D\Temp\Debug\OceanCS\link.9792-cvtres.write.1.tlog
F:\work\OceanCS-s - 界面版\Direct3D\Temp\Debug\OceanCS\link.command.1.tlog
F:\work\OceanCS-s - 界面版\Direct3D\Temp\Debug\OceanCS\link.read.1.tlog
F:\work\OceanCS-s - 界面版\Direct3D\Temp\Debug\OceanCS\link.read.2.tlog
F:\work\OceanCS-s - 界面版\Direct3D\Temp\Debug\OceanCS\link.write.1.tlog
F:\work\OceanCS-s - 界面版\Direct3D\Temp\Debug\OceanCS\link-cvtres.read.1.tlog
F:\work\OceanCS-s - 界面版\Direct3D\Temp\Debug\OceanCS\link-cvtres.write.1.tlog
F:\WORK\OCEANCS-S - 界面版\DIRECT3D\TEMP\DEBUG\OCEANCS\MAIN.OBJ
F:\work\OceanCS-s - 界面版\Direct3D\Temp\Debug\OceanCS\mt.command.1.tlog
F:\work\OceanCS-s - 界面版\Direct3D\Temp\Debug\OceanCS\mt.read.1.tlog
F:\work\OceanCS-s - 界面版\Direct3D\Temp\Debug\OceanCS\mt.write.1.tlog
F:\WORK\OCEANCS-S - 界面版\DIRECT3D\TEMP\DEBUG\OCEANCS\OCEAN_SIMULATOR.OBJ
F:\work\OceanCS-s - 界面版\Direct3D\Temp\Debug\OceanCS\OceanCS.exe.embed.manifest
F:\WORK\OCEANCS-S - 界面版\DIRECT3D\TEMP\DEBUG\OCEANCS\OCEANCS.EXE.EMBED.MANIFEST.RES
F:\work\OceanCS-s - 界面版\Direct3D\Temp\Debug\OceanCS\OceanCS.exe.intermediate.manifest
F:\WORK\OCEANCS-S - 界面版\DIRECT3D\TEMP\DEBUG\OCEANCS\OCEANCS.PCH
F:\WORK\OCEANCS-S - 界面版\DIRECT3D\TEMP\DEBUG\OCEANCS\OCEANCS.RES
F:\work\OceanCS-s - 界面版\Direct3D\Temp\Debug\OceanCS\OceanCS_manifest.rc
F:\WORK\OCEANCS-S - 界面版\DIRECT3D\TEMP\DEBUG\OCEANCS\PARTICLESYSTEM.OBJ
F:\WORK\OCEANCS-S - 界面版\DIRECT3D\TEMP\DEBUG\OCEANCS\PHYSICS.OBJ
F:\WORK\OCEANCS-S - 界面版\DIRECT3D\TEMP\DEBUG\OCEANCS\RAIN.OBJ
F:\work\OceanCS-s - 界面版\Direct3D\Temp\Debug\OceanCS\rc.command.1.tlog
F:\work\OceanCS-s - 界面版\Direct3D\Temp\Debug\OceanCS\rc.read.1.tlog
F:\work\OceanCS-s - 界面版\Direct3D\Temp\Debug\OceanCS\rc.write.1.tlog
F:\WORK\OCEANCS-S - 界面版\DIRECT3D\TEMP\DEBUG\OCEANCS\RENDER.OBJ
F:\WORK\OCEANCS-S - 界面版\DIRECT3D\TEMP\DEBUG\OCEANCS\SDKMISC.OBJ
F:\WORK\OCEANCS-S - 界面版\DIRECT3D\TEMP\DEBUG\OCEANCS\SKY.OBJ
F:\WORK\OCEANCS-S - 界面版\DIRECT3D\TEMP\DEBUG\OCEANCS\SKYBOX11.OBJ
F:\WORK\OCEANCS-S - 界面版\DIRECT3D\TEMP\DEBUG\OCEANCS\SUN.OBJ
F:\work\OceanCS-s - 界面版\Direct3D\Temp\Debug\OceanCS\TextureMgr.obj
F:\work\OceanCS-s - 界面版\Direct3D\Temp\Debug\OceanCS\vc100.idb
F:\WORK\OCEANCS-S - 界面版\DIRECT3D\TEMP\DEBUG\OCEANCS\VC100.PDB
F:\WORK\OCEANCS-S\DIRECT3D\BIN\OCEANCS.EXE
F:\WORK\OCEANCS-S\DIRECT3D\BIN\OCEANCS.ILK
F:\WORK\OCEANCS-S\DIRECT3D\BIN\OCEANCS.PDB
F:\WORK\OCEANCS-S\DIRECT3D\TEMP\DEBUG\OCEANCS\ATMOSPHERE.OBJ
F:\WORK\OCEANCS-S\DIRECT3D\TEMP\DEBUG\OCEANCS\D3DUTIL.OBJ
F:\WORK\OCEANCS-S\DIRECT3D\TEMP\DEBUG\OCEANCS\DXUT.OBJ
F:\WORK\OCEANCS-S\DIRECT3D\TEMP\DEBUG\OCEANCS\DXUTCAMERA.OBJ
F:\WORK\OCEANCS-S\DIRECT3D\TEMP\DEBUG\OCEANCS\DXUTDEVICE11.OBJ
F:\WORK\OCEANCS-S\DIRECT3D\TEMP\DEBUG\OCEANCS\DXUTDEVICE9.OBJ
F:\WORK\OCEANCS-S\DIRECT3D\TEMP\DEBUG\OCEANCS\DXUTGUI.OBJ
F:\WORK\OCEANCS-S\DIRECT3D\TEMP\DEBUG\OCEANCS\DXUTMISC.OBJ
F:\WORK\OCEANCS-S\DIRECT3D\TEMP\DEBUG\OCEANCS\DXUTRES.OBJ
F:\WORK\OCEANCS-S\DIRECT3D\TEMP\DEBUG\OCEANCS\DXUTSETTINGSDLG.OBJ
F:\WORK\OCEANCS-S\DIRECT3D\TEMP\DEBUG\OCEANCS\FFT_512X512_C2C.OBJ
F:\WORK\OCEANCS-S\DIRECT3D\TEMP\DEBUG\OCEANCS\MAIN.OBJ
F:\WORK\OCEANCS-S\DIRECT3D\TEMP\DEBUG\OCEANCS\OCEAN_SIMULATOR.OBJ
F:\WORK\OCEANCS-S\DIRECT3D\TEMP\DEBUG\OCEANCS\OCEANCS.EXE.EMBED.MANIFEST.RES
F:\WORK\OCEANCS-S\DIRECT3D\TEMP\DEBUG\OCEANCS\OCEANCS.EXE.INTERMEDIATE.MANIFEST
F:\WORK\OCEANCS-S\DIRECT3D\TEMP\DEBUG\OCEANCS\OCEANCS.PCH
F:\WORK\OCEANCS-S\DIRECT3D\TEMP\DEBUG\OCEANCS\OCEANCS.RES
F:\WORK\OCEANCS-S\DIRECT3D\TEMP\DEBUG\OCEANCS\PARTICLESYSTEM.OBJ
F:\WORK\OCEANCS-S\DIRECT3D\TEMP\DEBUG\OCEANCS\PHYSICS.OBJ
F:\WORK\OCEANCS-S\DIRECT3D\TEMP\DEBUG\OCEANCS\RAIN.OBJ
F:\WORK\OCEANCS-S\DIRECT3D\TEMP\DEBUG\OCEANCS\RENDER.OBJ
F:\WORK\OCEANCS-S\DIRECT3D\TEMP\DEBUG\OCEANCS\SDKMISC.OBJ
F:\WORK\OCEANCS-S\DIRECT3D\TEMP\DEBUG\OCEANCS\SKY.OBJ
F:\WORK\OCEANCS-S\DIRECT3D\TEMP\DEBUG\OCEANCS\SKYBOX11.OBJ
F:\WORK\OCEANCS-S\DIRECT3D\TEMP\DEBUG\OCEANCS\SUN.OBJ
F:\WORK\OCEANCS-S\DIRECT3D\TEMP\DEBUG\OCEANCS\TEXTUREMGR.OBJ
F:\WORK\OCEANCS-S\DIRECT3D\TEMP\DEBUG\OCEANCS\VC100.PDB
F:\WORK2\OCEANCS\DIRECT3D\BIN\OCEANCS.EXE
F:\WORK2\OCEANCS\DIRECT3D\BIN\OCEANCS.ILK
F:\WORK2\OCEANCS\DIRECT3D\BIN\OCEANCS.PDB
F:\WORK2\OCEANCS\DIRECT3D\TEMP\DEBUG\OCEANCS\DXUT.OBJ
F:\WORK2\OCEANCS\DIRECT3D\TEMP\DEBUG\OCEANCS\DXUTCAMERA.OBJ
F:\WORK2\OCEANCS\DIRECT3D\TEMP\DEBUG\OCEANCS\DXUTDEVICE11.OBJ
F:\WORK2\OCEANCS\DIRECT3D\TEMP\DEBUG\OCEANCS\DXUTDEVICE9.OBJ
F:\WORK2\OCEANCS\DIRECT3D\TEMP\DEBUG\OCEANCS\DXUTGUI.OBJ
F:\WORK2\OCEANCS\DIRECT3D\TEMP\DEBUG\OCEANCS\DXUTMISC.OBJ
F:\WORK2\OCEANCS\DIRECT3D\TEMP\DEBUG\OCEANCS\DXUTRES.OBJ
F:\WORK2\OCEANCS\DIRECT3D\TEMP\DEBUG\OCEANCS\DXUTSETTINGSDLG.OBJ
F:\WORK2\OCEANCS\DIRECT3D\TEMP\DEBUG\OCEANCS\FFT_512X512_C2C.OBJ
F:\WORK2\OCEANCS\DIRECT3D\TEMP\DEBUG\OCEANCS\MAIN.OBJ
F:\WORK2\OCEANCS\DIRECT3D\TEMP\DEBUG\OCEANCS\OCEAN_SIMULATOR.OBJ
F:\WORK2\OCEANCS\DIRECT3D\TEMP\DEBUG\OCEANCS\OCEANCS.EXE.EMBED.MANIFEST.RES
F:\WORK2\OCEANCS\DIRECT3D\TEMP\DEBUG\OCEANCS\OCEANCS.EXE.INTERMEDIATE.MANIFEST
F:\WORK2\OCEANCS\DIRECT3D\TEMP\DEBUG\OCEANCS\OCEANCS.PCH
F:\WORK2\OCEANCS\DIRECT3D\TEMP\DEBUG\OCEANCS\OCEANCS.RES
F:\WORK2\OCEANCS\DIRECT3D\TEMP\DEBUG\OCEANCS\RENDER.OBJ
F:\WORK2\OCEANCS\DIRECT3D\TEMP\DEBUG\OCEANCS\SDKMISC.OBJ
F:\WORK2\OCEANCS\DIRECT3D\TEMP\DEBUG\OCEANCS\SKYBOX11.OBJ
F:\WORK2\OCEANCS\DIRECT3D\TEMP\DEBUG\OCEANCS\VC100.PDB
